<?xml version="1.0" encoding="UTF-8"?>
<!-- Generated by org.testng.reporters.JUnitReportReporter -->
<testsuite hostname="HW1819.local" name="com.mobile.scripts.RP_001_TestLoginFromHome" tests="1" failures="0" timestamp="30 Nov 2015 05:16:14 GMT" time="171.349" errors="0">
  <testcase name="validateTestLogin" time="171.349" classname="com.mobile.scripts.RP_001_TestLoginFromHome"/>
</testsuite> <!-- com.mobile.scripts.RP_001_TestLoginFromHome -->
