<?xml version="1.0" encoding="UTF-8"?>
<!-- Generated by org.testng.reporters.JUnitReportReporter -->
<testsuite hostname="HW1819.local" name="com.mobile.scripts.RP_003_TestSearchHotels" tests="2" failures="0" timestamp="30 Nov 2015 05:19:26 GMT" time="155.824" errors="0">
  <testcase name="testSearchHotels" time="88.792" classname="com.mobile.scripts.RP_003_TestSearchHotels"/>
  <testcase name="testSearchHotels" time="67.032" classname="com.mobile.scripts.RP_003_TestSearchHotels"/>
</testsuite> <!-- com.mobile.scripts.RP_003_TestSearchHotels -->
