<?xml version="1.0" encoding="UTF-8"?>
<!-- Generated by org.testng.reporters.JUnitReportReporter -->
<testsuite hostname="HW1819.local" name="com.mobile.scripts.RP_009_SignUp" tests="2" failures="0" timestamp="25 Nov 2015 11:23:02 GMT" time="261.982" errors="0">
  <testcase name="testSignUpUser" time="128.682" classname="com.mobile.scripts.RP_009_SignUp"/>
  <testcase name="testSignUpUser" time="133.300" classname="com.mobile.scripts.RP_009_SignUp"/>
</testsuite> <!-- com.mobile.scripts.RP_009_SignUp -->
