<?xml version="1.0" encoding="UTF-8"?>
<!-- Generated by org.testng.reporters.JUnitReportReporter -->
<testsuite hostname="HW1819.local" name="com.mobile.scripts.RP_003_SearchHotels" tests="1" failures="1" timestamp="14 Nov 2015 16:10:13 GMT" time="0.000" errors="0">
  <testcase name="SearchHotels" time="0.000" classname="com.mobile.scripts.RP_003_SearchHotels">
    <failure type="java.lang.NoSuchMethodError" message="com.google.common.collect.Multimaps.transformValues(Lcom/google/common/collect/ListMultimap;Lcom/google/common/base/Function;)Lcom/google/common/collect/ListMultimap;">
      <![CDATA[java.lang.NoSuchMethodError: com.google.common.collect.Multimaps.transformValues(Lcom/google/common/collect/ListMultimap;Lcom/google/common/base/Function;)Lcom/google/common/collect/ListMultimap;
	at com.google.common.net.MediaType.toString(MediaType.java:697)
	at org.openqa.selenium.remote.http.JsonHttpCommandCodec.encode(JsonHttpCommandCodec.java:222)
	at org.openqa.selenium.remote.HttpCommandExecutor.execute(HttpCommandExecutor.java:139)
	at org.openqa.selenium.remote.RemoteWebDriver.execute(RemoteWebDriver.java:620)
	at io.appium.java_client.AppiumDriver.execute(AppiumDriver.java:180)
	at org.openqa.selenium.remote.RemoteWebDriver.startSession(RemoteWebDriver.java:247)
	at org.openqa.selenium.remote.RemoteWebDriver.<init>(RemoteWebDriver.java:129)
	at org.openqa.selenium.remote.RemoteWebDriver.<init>(RemoteWebDriver.java:156)
	at io.appium.java_client.AppiumDriver.<init>(AppiumDriver.java:109)
	at io.appium.java_client.ios.IOSDriver.<init>(IOSDriver.java:23)
	at com.ctaf.accelerators.TestEngine.reportHeader(TestEngine.java:365)
	at sun.reflect.NativeMethodAccessorImpl.invoke0(Native Method)
	at sun.reflect.NativeMethodAccessorImpl.invoke(NativeMethodAccessorImpl.java:62)
	at sun.reflect.DelegatingMethodAccessorImpl.invoke(DelegatingMethodAccessorImpl.java:43)
	at java.lang.reflect.Method.invoke(Method.java:497)
	at org.testng.internal.MethodInvocationHelper.invokeMethod(MethodInvocationHelper.java:80)
	at org.testng.internal.Invoker.invokeConfigurationMethod(Invoker.java:564)
	at org.testng.internal.Invoker.invokeConfigurations(Invoker.java:213)
	at org.testng.internal.Invoker.invokeMethod(Invoker.java:653)
	at org.testng.internal.Invoker.invokeTestMethod(Invoker.java:901)
	at org.testng.internal.Invoker.invokeTestMethods(Invoker.java:1231)
	at org.testng.internal.TestMethodWorker.invokeTestMethods(TestMethodWorker.java:127)
	at org.testng.internal.TestMethodWorker.run(TestMethodWorker.java:111)
	at org.testng.TestRunner.privateRun(TestRunner.java:767)
	at org.testng.TestRunner.run(TestRunner.java:617)
	at org.testng.SuiteRunner.runTest(SuiteRunner.java:334)
	at org.testng.SuiteRunner.runSequentially(SuiteRunner.java:329)
	at org.testng.SuiteRunner.privateRun(SuiteRunner.java:291)
	at org.testng.SuiteRunner.run(SuiteRunner.java:240)
	at org.testng.SuiteRunnerWorker.runSuite(SuiteRunnerWorker.java:52)
	at org.testng.SuiteRunnerWorker.run(SuiteRunnerWorker.java:86)
	at org.testng.TestNG.runSuitesSequentially(TestNG.java:1198)
	at org.testng.TestNG.runSuitesLocally(TestNG.java:1123)
	at org.testng.TestNG.run(TestNG.java:1031)
	at org.testng.TestNG.privateMain(TestNG.java:1338)
	at org.testng.TestNG.main(TestNG.java:1307)
]]>
    </failure>
  </testcase> <!-- SearchHotels -->
</testsuite> <!-- com.mobile.scripts.RP_003_SearchHotels -->
