<?xml version="1.0" encoding="UTF-8"?>
<!-- Generated by org.testng.reporters.JUnitReportReporter -->
<testsuite hostname="HW1819.local" name="com.mobile.scripts.RP_010_ConnectWithFacebook" tests="1" failures="0" timestamp="30 Nov 2015 10:45:01 GMT" time="175.270" errors="0">
  <testcase name="validateConnectWithFacebook" time="175.270" classname="com.mobile.scripts.RP_010_ConnectWithFacebook"/>
</testsuite> <!-- com.mobile.scripts.RP_010_ConnectWithFacebook -->
